<?xml version="1.0" encoding="UTF-8"?>
<!-- Generated by org.testng.reporters.JUnitXMLReporter -->
<testsuite hostname="DESKTOP-LFNEGKJ" name="Default test" tests="3" failures="0" timestamp="12 Feb 2021 05:18:30 GMT" time="0.068" errors="0">
  <testcase name="ReverseString" time="0.029" classname="JavaStream.JavaStream2"/>
  <testcase name="Strtswith" time="0.008" classname="JavaStream.JavaStream2"/>
  <testcase name="sort" time="0.01" classname="JavaStream.JavaStream2"/>
</testsuite> <!-- Default test -->
