<?xml version="1.0" encoding="UTF-8"?>
<testng-results skipped="0" failed="0" total="1" passed="1">
  <reporter-output>
  </reporter-output>
  <suite name="Default suite" duration-ms="98" started-at="2021-02-08T11:12:21Z" finished-at="2021-02-08T11:12:21Z">
    <groups>
    </groups>
    <test name="Default test" duration-ms="98" started-at="2021-02-08T11:12:21Z" finished-at="2021-02-08T11:12:21Z">
      <class name="JavaStream.JavaStream">
        <test-method status="PASS" signature="numbers()[pri:0, instance:JavaStream.JavaStream@25b485ba]" name="numbers" duration-ms="69" started-at="2021-02-08T16:42:21Z" finished-at="2021-02-08T16:42:21Z">
          <reporter-output>
          </reporter-output>
        </test-method> <!-- numbers -->
      </class> <!-- JavaStream.JavaStream -->
    </test> <!-- Default test -->
  </suite> <!-- Default suite -->
</testng-results>
